<?xml version="1.0" encoding="UTF-8"?>
<coverage generated="1768218633244" clover="3.2.0">
  <project timestamp="1768218633245" name="All files">
    <metrics statements="112" coveredstatements="103" conditionals="77" coveredconditionals="62" methods="35" coveredmethods="31" elements="224" coveredelements="196" complexity="0" loc="112" ncloc="112" packages="4" files="10" classes="10"/>
    <package name="front">
      <metrics statements="17" coveredstatements="17" conditionals="2" coveredconditionals="2" methods="5" coveredmethods="5"/>
      <file name="store.ts" path="/Users/sihun/dev/project/drop/front/store.ts">
        <metrics statements="17" coveredstatements="17" conditionals="2" coveredconditionals="2" methods="5" coveredmethods="5"/>
        <line num="9" count="1" type="stmt"/>
        <line num="15" count="1" type="stmt"/>
        <line num="20" count="2" type="stmt"/>
        <line num="21" count="2" type="stmt"/>
        <line num="22" count="2" type="stmt"/>
        <line num="25" count="9" type="stmt"/>
        <line num="26" count="9" type="stmt"/>
        <line num="27" count="9" type="stmt"/>
        <line num="45" count="1" type="stmt"/>
        <line num="49" count="1" type="stmt"/>
        <line num="54" count="3" type="stmt"/>
        <line num="57" count="2" type="cond" truecount="2" falsecount="0"/>
        <line num="58" count="1" type="stmt"/>
        <line num="62" count="9" type="stmt"/>
        <line num="67" count="1" type="stmt"/>
        <line num="68" count="1" type="stmt"/>
        <line num="70" count="1" type="stmt"/>
      </file>
    </package>
    <package name="front.components">
      <metrics statements="84" coveredstatements="75" conditionals="71" coveredconditionals="56" methods="25" coveredmethods="21"/>
      <file name="AddressInput.tsx" path="/Users/sihun/dev/project/drop/front/components/AddressInput.tsx">
        <metrics statements="36" coveredstatements="35" conditionals="25" coveredconditionals="24" methods="8" coveredmethods="8"/>
        <line num="34" count="13" type="stmt"/>
        <line num="35" count="13" type="stmt"/>
        <line num="36" count="13" type="stmt"/>
        <line num="39" count="13" type="stmt"/>
        <line num="40" count="7" type="stmt"/>
        <line num="41" count="7" type="stmt"/>
        <line num="44" count="7" type="stmt"/>
        <line num="48" count="13" type="stmt"/>
        <line num="49" count="7" type="stmt"/>
        <line num="50" count="7" type="cond" truecount="4" falsecount="0"/>
        <line num="51" count="4" type="stmt"/>
        <line num="52" count="4" type="stmt"/>
        <line num="55" count="3" type="stmt"/>
        <line num="56" count="3" type="stmt"/>
        <line num="57" count="3" type="stmt"/>
        <line num="60" count="2" type="stmt"/>
        <line num="61" count="1" type="stmt"/>
        <line num="63" count="1" type="cond" truecount="3" falsecount="1"/>
        <line num="64" count="0" type="stmt"/>
        <line num="67" count="2" type="stmt"/>
        <line num="68" count="2" type="stmt"/>
        <line num="77" count="3" type="stmt"/>
        <line num="81" count="7" type="stmt"/>
        <line num="84" count="13" type="stmt"/>
        <line num="85" count="13" type="cond" truecount="2" falsecount="0"/>
        <line num="86" count="3" type="stmt"/>
        <line num="88" count="10" type="cond" truecount="2" falsecount="0"/>
        <line num="89" count="7" type="stmt"/>
        <line num="91" count="3" type="cond" truecount="2" falsecount="0"/>
        <line num="92" count="1" type="stmt"/>
        <line num="94" count="2" type="stmt"/>
        <line num="97" count="13" type="stmt"/>
        <line num="98" count="13" type="cond" truecount="2" falsecount="0"/>
        <line num="99" count="3" type="cond" truecount="2" falsecount="0"/>
        <line num="102" count="13" type="stmt"/>
        <line num="138" count="1" type="stmt"/>
      </file>
      <file name="Collapsible.tsx" path="/Users/sihun/dev/project/drop/front/components/Collapsible.tsx">
        <metrics statements="5" coveredstatements="5" conditionals="8" coveredconditionals="7" methods="3" coveredmethods="3"/>
        <line num="11" count="10" type="stmt"/>
        <line num="12" count="10" type="cond" truecount="1" falsecount="1"/>
        <line num="14" count="10" type="stmt"/>
        <line num="18" count="4" type="stmt"/>
        <line num="35" count="1" type="stmt"/>
      </file>
      <file name="CrossfitBoxSearch.tsx" path="/Users/sihun/dev/project/drop/front/components/CrossfitBoxSearch.tsx">
        <metrics statements="32" coveredstatements="27" conditionals="25" coveredconditionals="14" methods="9" coveredmethods="6"/>
        <line num="39" count="31" type="stmt"/>
        <line num="40" count="31" type="stmt"/>
        <line num="41" count="31" type="stmt"/>
        <line num="42" count="31" type="stmt"/>
        <line num="43" count="31" type="stmt"/>
        <line num="45" count="31" type="stmt"/>
        <line num="46" count="11" type="stmt"/>
        <line num="47" count="7" type="stmt"/>
        <line num="50" count="11" type="stmt"/>
        <line num="53" count="31" type="stmt"/>
        <line num="54" count="11" type="stmt"/>
        <line num="55" count="11" type="cond" truecount="2" falsecount="0"/>
        <line num="56" count="7" type="stmt"/>
        <line num="57" count="7" type="stmt"/>
        <line num="58" count="7" type="stmt"/>
        <line num="61" count="4" type="stmt"/>
        <line num="62" count="4" type="stmt"/>
        <line num="64" count="4" type="stmt"/>
        <line num="65" count="4" type="stmt"/>
        <line num="68" count="3" type="cond" truecount="1" falsecount="1"/>
        <line num="70" count="3" type="stmt"/>
        <line num="71" count="3" type="stmt"/>
        <line num="73" count="4" type="stmt"/>
        <line num="77" count="11" type="stmt"/>
        <line num="80" count="31" type="stmt"/>
        <line num="81" count="0" type="stmt"/>
        <line num="82" count="0" type="stmt"/>
        <line num="83" count="0" type="stmt"/>
        <line num="86" count="31" type="stmt"/>
        <line num="122" count="0" type="stmt"/>
        <line num="125" count="0" type="stmt"/>
        <line num="150" count="1" type="stmt"/>
      </file>
      <file name="ExternalLink.tsx" path="/Users/sihun/dev/project/drop/front/components/ExternalLink.tsx">
        <metrics statements="4" coveredstatements="1" conditionals="2" coveredconditionals="0" methods="2" coveredmethods="1"/>
        <line num="9" count="4" type="stmt"/>
        <line num="15" count="0" type="cond" truecount="0" falsecount="2"/>
        <line num="17" count="0" type="stmt"/>
        <line num="19" count="0" type="stmt"/>
      </file>
      <file name="LoadingSpinner.tsx" path="/Users/sihun/dev/project/drop/front/components/LoadingSpinner.tsx">
        <metrics statements="2" coveredstatements="2" conditionals="0" coveredconditionals="0" methods="1" coveredmethods="1"/>
        <line num="5" count="2" type="stmt"/>
        <line num="12" count="1" type="stmt"/>
      </file>
      <file name="ThemedText.tsx" path="/Users/sihun/dev/project/drop/front/components/ThemedText.tsx">
        <metrics statements="3" coveredstatements="3" conditionals="11" coveredconditionals="11" methods="1" coveredmethods="1"/>
        <line num="18" count="18" type="stmt"/>
        <line num="20" count="18" type="stmt"/>
        <line num="36" count="2" type="stmt"/>
      </file>
      <file name="ThemedView.tsx" path="/Users/sihun/dev/project/drop/front/components/ThemedView.tsx">
        <metrics statements="2" coveredstatements="2" conditionals="0" coveredconditionals="0" methods="1" coveredmethods="1"/>
        <line num="11" count="18" type="stmt"/>
        <line num="13" count="18" type="stmt"/>
      </file>
    </package>
    <package name="front.hooks">
      <metrics statements="5" coveredstatements="5" conditionals="4" coveredconditionals="4" methods="1" coveredmethods="1"/>
      <file name="useThemeColor.ts" path="/Users/sihun/dev/project/drop/front/hooks/useThemeColor.ts">
        <metrics statements="5" coveredstatements="5" conditionals="4" coveredconditionals="4" methods="1" coveredmethods="1"/>
        <line num="13" count="28" type="cond" truecount="2" falsecount="0"/>
        <line num="14" count="28" type="stmt"/>
        <line num="16" count="28" type="cond" truecount="2" falsecount="0"/>
        <line num="17" count="4" type="stmt"/>
        <line num="19" count="24" type="stmt"/>
      </file>
    </package>
    <package name="front.utils">
      <metrics statements="6" coveredstatements="6" conditionals="0" coveredconditionals="0" methods="4" coveredmethods="4"/>
      <file name="crossfitBoxEvents.ts" path="/Users/sihun/dev/project/drop/front/utils/crossfitBoxEvents.ts">
        <metrics statements="6" coveredstatements="6" conditionals="0" coveredconditionals="0" methods="4" coveredmethods="4"/>
        <line num="3" count="1" type="stmt"/>
        <line num="5" count="1" type="stmt"/>
        <line num="7" count="18" type="stmt"/>
        <line num="10" count="6" type="stmt"/>
        <line num="11" count="6" type="stmt"/>
        <line num="12" count="3" type="stmt"/>
      </file>
    </package>
  </project>
</coverage>
