{"/Users/sihun/dev/project/drop/front/store.ts": {"path":"/Users/sihun/dev/project/drop/front/store.ts","statementMap":{"0":{"start":{"line":9,"column":36},"end":{"line":13,"column":1}},"1":{"start":{"line":15,"column":18},"end":{"line":30,"column":2}},"2":{"start":{"line":20,"column":6},"end":{"line":20,"column":53}},"3":{"start":{"line":21,"column":6},"end":{"line":21,"column":55}},"4":{"start":{"line":22,"column":6},"end":{"line":22,"column":30}},"5":{"start":{"line":25,"column":6},"end":{"line":25,"column":31}},"6":{"start":{"line":26,"column":6},"end":{"line":26,"column":32}},"7":{"start":{"line":27,"column":6},"end":{"line":27,"column":31}},"8":{"start":{"line":45,"column":36},"end":{"line":47,"column":1}},"9":{"start":{"line":49,"column":18},"end":{"line":65,"column":2}},"10":{"start":{"line":54,"column":6},"end":{"line":54,"column":37}},"11":{"start":{"line":57,"column":6},"end":{"line":59,"column":7}},"12":{"start":{"line":58,"column":8},"end":{"line":58,"column":64}},"13":{"start":{"line":62,"column":6},"end":{"line":62,"column":27}},"14":{"start":{"line":67,"column":42},"end":{"line":67,"column":59}},"15":{"start":{"line":68,"column":59},"end":{"line":68,"column":76}},"16":{"start":{"line":70,"column":21},"end":{"line":75,"column":2}}},"fnMap":{"0":{"name":"(anonymous_0)","decl":{"start":{"line":19,"column":15},"end":{"line":19,"column":16}},"loc":{"start":{"line":19,"column":96},"end":{"line":23,"column":5}},"line":19},"1":{"name":"(anonymous_1)","decl":{"start":{"line":24,"column":17},"end":{"line":24,"column":18}},"loc":{"start":{"line":24,"column":28},"end":{"line":28,"column":5}},"line":24},"2":{"name":"(anonymous_2)","decl":{"start":{"line":53,"column":16},"end":{"line":53,"column":17}},"loc":{"start":{"line":53,"column":63},"end":{"line":55,"column":5}},"line":53},"3":{"name":"(anonymous_3)","decl":{"start":{"line":56,"column":19},"end":{"line":56,"column":20}},"loc":{"start":{"line":56,"column":75},"end":{"line":60,"column":5}},"line":56},"4":{"name":"(anonymous_4)","decl":{"start":{"line":61,"column":18},"end":{"line":61,"column":19}},"loc":{"start":{"line":61,"column":29},"end":{"line":63,"column":5}},"line":61}},"branchMap":{"0":{"loc":{"start":{"line":57,"column":6},"end":{"line":59,"column":7}},"type":"if","locations":[{"start":{"line":57,"column":6},"end":{"line":59,"column":7}},{"start":{},"end":{}}],"line":57}},"s":{"0":1,"1":1,"2":2,"3":2,"4":2,"5":9,"6":9,"7":9,"8":1,"9":1,"10":3,"11":2,"12":1,"13":9,"14":1,"15":1,"16":1},"f":{"0":2,"1":9,"2":3,"3":2,"4":9},"b":{"0":[1,1]},"_coverageSchema":"1a1c01bbd47fc00a2c39e90264f33305004495a9","hash":"1569b19111146544b5fe89648413d9c8a0c9ae7a"}
,"/Users/sihun/dev/project/drop/front/components/AddressInput.tsx": {"path":"/Users/sihun/dev/project/drop/front/components/AddressInput.tsx","statementMap":{"0":{"start":{"line":34,"column":42},"end":{"line":34,"column":57}},"1":{"start":{"line":35,"column":50},"end":{"line":35,"column":96}},"2":{"start":{"line":36,"column":46},"end":{"line":36,"column":61}},"3":{"start":{"line":39,"column":2},"end":{"line":45,"column":14}},"4":{"start":{"line":40,"column":18},"end":{"line":42,"column":11}},"5":{"start":{"line":41,"column":6},"end":{"line":41,"column":31}},"6":{"start":{"line":44,"column":4},"end":{"line":44,"column":37}},"7":{"start":{"line":44,"column":17},"end":{"line":44,"column":36}},"8":{"start":{"line":48,"column":2},"end":{"line":82,"column":39}},"9":{"start":{"line":49,"column":28},"end":{"line":79,"column":5}},"10":{"start":{"line":50,"column":6},"end":{"line":53,"column":7}},"11":{"start":{"line":51,"column":8},"end":{"line":51,"column":34}},"12":{"start":{"line":52,"column":8},"end":{"line":52,"column":15}},"13":{"start":{"line":55,"column":6},"end":{"line":55,"column":28}},"14":{"start":{"line":56,"column":6},"end":{"line":78,"column":7}},"15":{"start":{"line":57,"column":25},"end":{"line":59,"column":10}},"16":{"start":{"line":60,"column":23},"end":{"line":60,"column":63}},"17":{"start":{"line":61,"column":8},"end":{"line":61,"column":36}},"18":{"start":{"line":63,"column":8},"end":{"line":65,"column":9}},"19":{"start":{"line":64,"column":10},"end":{"line":64,"column":33}},"20":{"start":{"line":67,"column":8},"end":{"line":67,"column":42}},"21":{"start":{"line":68,"column":8},"end":{"line":75,"column":11}},"22":{"start":{"line":77,"column":8},"end":{"line":77,"column":31}},"23":{"start":{"line":81,"column":4},"end":{"line":81,"column":22}},"24":{"start":{"line":84,"column":24},"end":{"line":95,"column":3}},"25":{"start":{"line":85,"column":4},"end":{"line":87,"column":5}},"26":{"start":{"line":86,"column":6},"end":{"line":86,"column":64}},"27":{"start":{"line":88,"column":4},"end":{"line":90,"column":5}},"28":{"start":{"line":89,"column":6},"end":{"line":89,"column":18}},"29":{"start":{"line":91,"column":4},"end":{"line":93,"column":5}},"30":{"start":{"line":92,"column":6},"end":{"line":92,"column":76}},"31":{"start":{"line":94,"column":4},"end":{"line":94,"column":70}},"32":{"start":{"line":97,"column":25},"end":{"line":100,"column":3}},"33":{"start":{"line":98,"column":4},"end":{"line":98,"column":41}},"34":{"start":{"line":98,"column":27},"end":{"line":98,"column":41}},"35":{"start":{"line":99,"column":4},"end":{"line":99,"column":58}},"36":{"start":{"line":102,"column":2},"end":{"line":135,"column":4}},"37":{"start":{"line":138,"column":15},"end":{"line":178,"column":2}}},"fnMap":{"0":{"name":"AddressInput","decl":{"start":{"line":28,"column":24},"end":{"line":28,"column":36}},"loc":{"start":{"line":33,"column":22},"end":{"line":136,"column":1}},"line":33},"1":{"name":"(anonymous_1)","decl":{"start":{"line":39,"column":12},"end":{"line":39,"column":13}},"loc":{"start":{"line":39,"column":18},"end":{"line":45,"column":3}},"line":39},"2":{"name":"(anonymous_2)","decl":{"start":{"line":40,"column":29},"end":{"line":40,"column":30}},"loc":{"start":{"line":40,"column":35},"end":{"line":42,"column":5}},"line":40},"3":{"name":"(anonymous_3)","decl":{"start":{"line":44,"column":11},"end":{"line":44,"column":12}},"loc":{"start":{"line":44,"column":17},"end":{"line":44,"column":36}},"line":44},"4":{"name":"(anonymous_4)","decl":{"start":{"line":48,"column":12},"end":{"line":48,"column":13}},"loc":{"start":{"line":48,"column":18},"end":{"line":82,"column":3}},"line":48},"5":{"name":"(anonymous_5)","decl":{"start":{"line":49,"column":28},"end":{"line":49,"column":29}},"loc":{"start":{"line":49,"column":40},"end":{"line":79,"column":5}},"line":49},"6":{"name":"(anonymous_6)","decl":{"start":{"line":84,"column":24},"end":{"line":84,"column":25}},"loc":{"start":{"line":84,"column":30},"end":{"line":95,"column":3}},"line":84},"7":{"name":"(anonymous_7)","decl":{"start":{"line":97,"column":25},"end":{"line":97,"column":26}},"loc":{"start":{"line":97,"column":31},"end":{"line":100,"column":3}},"line":97}},"branchMap":{"0":{"loc":{"start":{"line":32,"column":2},"end":{"line":32,"column":27}},"type":"default-arg","locations":[{"start":{"line":32,"column":16},"end":{"line":32,"column":27}}],"line":32},"1":{"loc":{"start":{"line":50,"column":6},"end":{"line":53,"column":7}},"type":"if","locations":[{"start":{"line":50,"column":6},"end":{"line":53,"column":7}},{"start":{},"end":{}}],"line":50},"2":{"loc":{"start":{"line":50,"column":10},"end":{"line":50,"column":54}},"type":"binary-expr","locations":[{"start":{"line":50,"column":10},"end":{"line":50,"column":25}},{"start":{"line":50,"column":29},"end":{"line":50,"column":54}}],"line":50},"3":{"loc":{"start":{"line":63,"column":8},"end":{"line":65,"column":9}},"type":"if","locations":[{"start":{"line":63,"column":8},"end":{"line":65,"column":9}},{"start":{},"end":{}}],"line":63},"4":{"loc":{"start":{"line":63,"column":12},"end":{"line":63,"column":42}},"type":"binary-expr","locations":[{"start":{"line":63,"column":12},"end":{"line":63,"column":24}},{"start":{"line":63,"column":28},"end":{"line":63,"column":42}}],"line":63},"5":{"loc":{"start":{"line":85,"column":4},"end":{"line":87,"column":5}},"type":"if","locations":[{"start":{"line":85,"column":4},"end":{"line":87,"column":5}},{"start":{},"end":{}}],"line":85},"6":{"loc":{"start":{"line":88,"column":4},"end":{"line":90,"column":5}},"type":"if","locations":[{"start":{"line":88,"column":4},"end":{"line":90,"column":5}},{"start":{},"end":{}}],"line":88},"7":{"loc":{"start":{"line":91,"column":4},"end":{"line":93,"column":5}},"type":"if","locations":[{"start":{"line":91,"column":4},"end":{"line":93,"column":5}},{"start":{},"end":{}}],"line":91},"8":{"loc":{"start":{"line":98,"column":4},"end":{"line":98,"column":41}},"type":"if","locations":[{"start":{"line":98,"column":4},"end":{"line":98,"column":41}},{"start":{},"end":{}}],"line":98},"9":{"loc":{"start":{"line":99,"column":11},"end":{"line":99,"column":57}},"type":"cond-expr","locations":[{"start":{"line":99,"column":36},"end":{"line":99,"column":45}},{"start":{"line":99,"column":48},"end":{"line":99,"column":57}}],"line":99},"10":{"loc":{"start":{"line":115,"column":7},"end":{"line":133,"column":7}},"type":"binary-expr","locations":[{"start":{"line":115,"column":7},"end":{"line":115,"column":23}},{"start":{"line":116,"column":8},"end":{"line":132,"column":15}}],"line":115},"11":{"loc":{"start":{"line":117,"column":11},"end":{"line":131,"column":11}},"type":"cond-expr","locations":[{"start":{"line":118,"column":12},"end":{"line":128,"column":15}},{"start":{"line":130,"column":12},"end":{"line":130,"column":78}}],"line":117},"12":{"loc":{"start":{"line":120,"column":15},"end":{"line":124,"column":15}},"type":"binary-expr","locations":[{"start":{"line":120,"column":15},"end":{"line":120,"column":43}},{"start":{"line":121,"column":16},"end":{"line":123,"column":23}}],"line":120}},"s":{"0":13,"1":13,"2":13,"3":13,"4":7,"5":7,"6":7,"7":7,"8":13,"9":7,"10":7,"11":4,"12":4,"13":3,"14":3,"15":3,"16":2,"17":1,"18":1,"19":0,"20":2,"21":2,"22":3,"23":7,"24":13,"25":13,"26":3,"27":10,"28":7,"29":3,"30":1,"31":2,"32":13,"33":13,"34":10,"35":3,"36":13,"37":1},"f":{"0":13,"1":7,"2":7,"3":7,"4":7,"5":7,"6":13,"7":13},"b":{"0":[12],"1":[4,3],"2":[7,4],"3":[0,1],"4":[1,1],"5":[3,10],"6":[7,3],"7":[1,2],"8":[10,3],"9":[1,2],"10":[13,3],"11":[1,2],"12":[1,1]},"_coverageSchema":"1a1c01bbd47fc00a2c39e90264f33305004495a9","hash":"b34c7cac05fe6a63c2b0a36f1902e506f86f3481"}
,"/Users/sihun/dev/project/drop/front/components/Collapsible.tsx": {"path":"/Users/sihun/dev/project/drop/front/components/Collapsible.tsx","statementMap":{"0":{"start":{"line":11,"column":30},"end":{"line":11,"column":45}},"1":{"start":{"line":12,"column":16},"end":{"line":12,"column":43}},"2":{"start":{"line":14,"column":2},"end":{"line":32,"column":4}},"3":{"start":{"line":18,"column":23},"end":{"line":18,"column":51}},"4":{"start":{"line":18,"column":44},"end":{"line":18,"column":50}},"5":{"start":{"line":35,"column":15},"end":{"line":45,"column":2}}},"fnMap":{"0":{"name":"Collapsible","decl":{"start":{"line":10,"column":16},"end":{"line":10,"column":27}},"loc":{"start":{"line":10,"column":88},"end":{"line":33,"column":1}},"line":10},"1":{"name":"(anonymous_1)","decl":{"start":{"line":18,"column":17},"end":{"line":18,"column":18}},"loc":{"start":{"line":18,"column":23},"end":{"line":18,"column":51}},"line":18},"2":{"name":"(anonymous_2)","decl":{"start":{"line":18,"column":33},"end":{"line":18,"column":34}},"loc":{"start":{"line":18,"column":44},"end":{"line":18,"column":50}},"line":18}},"branchMap":{"0":{"loc":{"start":{"line":12,"column":16},"end":{"line":12,"column":43}},"type":"binary-expr","locations":[{"start":{"line":12,"column":16},"end":{"line":12,"column":32}},{"start":{"line":12,"column":36},"end":{"line":12,"column":43}}],"line":12},"1":{"loc":{"start":{"line":24,"column":17},"end":{"line":24,"column":73}},"type":"cond-expr","locations":[{"start":{"line":24,"column":37},"end":{"line":24,"column":54}},{"start":{"line":24,"column":57},"end":{"line":24,"column":73}}],"line":24},"2":{"loc":{"start":{"line":25,"column":41},"end":{"line":25,"column":66}},"type":"cond-expr","locations":[{"start":{"line":25,"column":50},"end":{"line":25,"column":57}},{"start":{"line":25,"column":60},"end":{"line":25,"column":66}}],"line":25},"3":{"loc":{"start":{"line":30,"column":7},"end":{"line":30,"column":75}},"type":"binary-expr","locations":[{"start":{"line":30,"column":7},"end":{"line":30,"column":13}},{"start":{"line":30,"column":17},"end":{"line":30,"column":75}}],"line":30}},"s":{"0":10,"1":10,"2":10,"3":4,"4":4,"5":1},"f":{"0":10,"1":4,"2":4},"b":{"0":[10,0],"1":[9,1],"2":[3,7],"3":[10,3]},"_coverageSchema":"1a1c01bbd47fc00a2c39e90264f33305004495a9","hash":"c141f8e3bfa259d4360564580a3c5a09579bc2df"}
,"/Users/sihun/dev/project/drop/front/components/CrossfitBoxSearch.tsx": {"path":"/Users/sihun/dev/project/drop/front/components/CrossfitBoxSearch.tsx","statementMap":{"0":{"start":{"line":39,"column":32},"end":{"line":39,"column":44}},"1":{"start":{"line":40,"column":50},"end":{"line":40,"column":62}},"2":{"start":{"line":41,"column":44},"end":{"line":41,"column":77}},"3":{"start":{"line":42,"column":36},"end":{"line":42,"column":51}},"4":{"start":{"line":43,"column":40},"end":{"line":43,"column":55}},"5":{"start":{"line":45,"column":2},"end":{"line":51,"column":16}},"6":{"start":{"line":46,"column":18},"end":{"line":48,"column":11}},"7":{"start":{"line":47,"column":6},"end":{"line":47,"column":35}},"8":{"start":{"line":50,"column":4},"end":{"line":50,"column":37}},"9":{"start":{"line":50,"column":17},"end":{"line":50,"column":36}},"10":{"start":{"line":53,"column":2},"end":{"line":78,"column":25}},"11":{"start":{"line":54,"column":32},"end":{"line":75,"column":5}},"12":{"start":{"line":55,"column":6},"end":{"line":59,"column":7}},"13":{"start":{"line":56,"column":8},"end":{"line":56,"column":29}},"14":{"start":{"line":57,"column":8},"end":{"line":57,"column":30}},"15":{"start":{"line":58,"column":8},"end":{"line":58,"column":15}},"16":{"start":{"line":61,"column":6},"end":{"line":61,"column":25}},"17":{"start":{"line":62,"column":6},"end":{"line":62,"column":27}},"18":{"start":{"line":64,"column":6},"end":{"line":74,"column":7}},"19":{"start":{"line":65,"column":25},"end":{"line":67,"column":10}},"20":{"start":{"line":68,"column":8},"end":{"line":68,"column":51}},"21":{"start":{"line":70,"column":8},"end":{"line":70,"column":46}},"22":{"start":{"line":71,"column":8},"end":{"line":71,"column":29}},"23":{"start":{"line":73,"column":8},"end":{"line":73,"column":28}},"24":{"start":{"line":77,"column":4},"end":{"line":77,"column":26}},"25":{"start":{"line":80,"column":22},"end":{"line":84,"column":3}},"26":{"start":{"line":81,"column":4},"end":{"line":81,"column":19}},"27":{"start":{"line":82,"column":4},"end":{"line":82,"column":25}},"28":{"start":{"line":83,"column":4},"end":{"line":83,"column":26}},"29":{"start":{"line":86,"column":2},"end":{"line":147,"column":4}},"30":{"start":{"line":122,"column":14},"end":{"line":141,"column":33}},"31":{"start":{"line":125,"column":31},"end":{"line":125,"column":52}},"32":{"start":{"line":150,"column":15},"end":{"line":222,"column":2}}},"fnMap":{"0":{"name":"CrossfitBoxSearch","decl":{"start":{"line":33,"column":24},"end":{"line":33,"column":41}},"loc":{"start":{"line":38,"column":27},"end":{"line":148,"column":1}},"line":38},"1":{"name":"(anonymous_1)","decl":{"start":{"line":45,"column":12},"end":{"line":45,"column":13}},"loc":{"start":{"line":45,"column":18},"end":{"line":51,"column":3}},"line":45},"2":{"name":"(anonymous_2)","decl":{"start":{"line":46,"column":29},"end":{"line":46,"column":30}},"loc":{"start":{"line":46,"column":35},"end":{"line":48,"column":5}},"line":46},"3":{"name":"(anonymous_3)","decl":{"start":{"line":50,"column":11},"end":{"line":50,"column":12}},"loc":{"start":{"line":50,"column":17},"end":{"line":50,"column":36}},"line":50},"4":{"name":"(anonymous_4)","decl":{"start":{"line":53,"column":12},"end":{"line":53,"column":13}},"loc":{"start":{"line":53,"column":18},"end":{"line":78,"column":3}},"line":53},"5":{"name":"(anonymous_5)","decl":{"start":{"line":54,"column":32},"end":{"line":54,"column":33}},"loc":{"start":{"line":54,"column":44},"end":{"line":75,"column":5}},"line":54},"6":{"name":"(anonymous_6)","decl":{"start":{"line":80,"column":22},"end":{"line":80,"column":23}},"loc":{"start":{"line":80,"column":28},"end":{"line":84,"column":3}},"line":80},"7":{"name":"(anonymous_7)","decl":{"start":{"line":121,"column":30},"end":{"line":121,"column":31}},"loc":{"start":{"line":122,"column":14},"end":{"line":141,"column":33}},"line":122},"8":{"name":"(anonymous_8)","decl":{"start":{"line":125,"column":25},"end":{"line":125,"column":26}},"loc":{"start":{"line":125,"column":31},"end":{"line":125,"column":52}},"line":125}},"branchMap":{"0":{"loc":{"start":{"line":35,"column":2},"end":{"line":35,"column":29}},"type":"default-arg","locations":[{"start":{"line":35,"column":16},"end":{"line":35,"column":29}}],"line":35},"1":{"loc":{"start":{"line":37,"column":2},"end":{"line":37,"column":18}},"type":"default-arg","locations":[{"start":{"line":37,"column":13},"end":{"line":37,"column":18}}],"line":37},"2":{"loc":{"start":{"line":55,"column":6},"end":{"line":59,"column":7}},"type":"if","locations":[{"start":{"line":55,"column":6},"end":{"line":59,"column":7}},{"start":{},"end":{}}],"line":55},"3":{"loc":{"start":{"line":68,"column":25},"end":{"line":68,"column":49}},"type":"binary-expr","locations":[{"start":{"line":68,"column":25},"end":{"line":68,"column":43}},{"start":{"line":68,"column":47},"end":{"line":68,"column":49}}],"line":68},"4":{"loc":{"start":{"line":99,"column":9},"end":{"line":103,"column":9}},"type":"binary-expr","locations":[{"start":{"line":99,"column":9},"end":{"line":99,"column":27}},{"start":{"line":100,"column":10},"end":{"line":102,"column":29}}],"line":99},"5":{"loc":{"start":{"line":104,"column":9},"end":{"line":106,"column":9}},"type":"binary-expr","locations":[{"start":{"line":104,"column":9},"end":{"line":104,"column":18}},{"start":{"line":105,"column":10},"end":{"line":105,"column":92}}],"line":104},"6":{"loc":{"start":{"line":110,"column":7},"end":{"line":145,"column":7}},"type":"binary-expr","locations":[{"start":{"line":110,"column":7},"end":{"line":110,"column":18}},{"start":{"line":110,"column":22},"end":{"line":110,"column":32}},{"start":{"line":111,"column":8},"end":{"line":144,"column":15}}],"line":110},"7":{"loc":{"start":{"line":113,"column":19},"end":{"line":113,"column":79}},"type":"cond-expr","locations":[{"start":{"line":113,"column":46},"end":{"line":113,"column":74}},{"start":{"line":113,"column":77},"end":{"line":113,"column":79}}],"line":113},"8":{"loc":{"start":{"line":115,"column":11},"end":{"line":143,"column":11}},"type":"cond-expr","locations":[{"start":{"line":116,"column":12},"end":{"line":119,"column":19}},{"start":{"line":121,"column":12},"end":{"line":142,"column":14}}],"line":115},"9":{"loc":{"start":{"line":130,"column":19},"end":{"line":135,"column":19}},"type":"binary-expr","locations":[{"start":{"line":130,"column":19},"end":{"line":130,"column":38}},{"start":{"line":131,"column":20},"end":{"line":134,"column":27}}],"line":130},"10":{"loc":{"start":{"line":133,"column":23},"end":{"line":133,"column":101}},"type":"cond-expr","locations":[{"start":{"line":133,"column":58},"end":{"line":133,"column":96}},{"start":{"line":133,"column":99},"end":{"line":133,"column":101}}],"line":133},"11":{"loc":{"start":{"line":136,"column":19},"end":{"line":138,"column":19}},"type":"binary-expr","locations":[{"start":{"line":136,"column":19},"end":{"line":136,"column":42}},{"start":{"line":137,"column":20},"end":{"line":137,"column":90}}],"line":136},"12":{"loc":{"start":{"line":140,"column":17},"end":{"line":140,"column":91}},"type":"binary-expr","locations":[{"start":{"line":140,"column":17},"end":{"line":140,"column":26}},{"start":{"line":140,"column":30},"end":{"line":140,"column":91}}],"line":140}},"s":{"0":31,"1":31,"2":31,"3":31,"4":31,"5":31,"6":11,"7":7,"8":11,"9":11,"10":31,"11":11,"12":11,"13":7,"14":7,"15":7,"16":4,"17":4,"18":4,"19":4,"20":3,"21":3,"22":3,"23":4,"24":11,"25":31,"26":0,"27":0,"28":0,"29":31,"30":0,"31":0,"32":1},"f":{"0":31,"1":11,"2":7,"3":11,"4":11,"5":11,"6":0,"7":0,"8":0},"b":{"0":[28],"1":[28],"2":[7,4],"3":[3,0],"4":[31,14],"5":[31,4],"6":[31,6,2],"7":[0,2],"8":[2,0],"9":[0,0],"10":[0,0],"11":[0,0],"12":[0,0]},"_coverageSchema":"1a1c01bbd47fc00a2c39e90264f33305004495a9","hash":"1fb58ced732510b44a85346b92705fe91a59b097"}
,"/Users/sihun/dev/project/drop/front/components/ExternalLink.tsx": {"path":"/Users/sihun/dev/project/drop/front/components/ExternalLink.tsx","statementMap":{"0":{"start":{"line":9,"column":2},"end":{"line":23,"column":4}},"1":{"start":{"line":15,"column":8},"end":{"line":20,"column":9}},"2":{"start":{"line":17,"column":10},"end":{"line":17,"column":33}},"3":{"start":{"line":19,"column":10},"end":{"line":19,"column":39}}},"fnMap":{"0":{"name":"ExternalLink","decl":{"start":{"line":8,"column":16},"end":{"line":8,"column":28}},"loc":{"start":{"line":8,"column":55},"end":{"line":24,"column":1}},"line":8},"1":{"name":"(anonymous_1)","decl":{"start":{"line":14,"column":15},"end":{"line":14,"column":16}},"loc":{"start":{"line":14,"column":32},"end":{"line":21,"column":7}},"line":14}},"branchMap":{"0":{"loc":{"start":{"line":15,"column":8},"end":{"line":20,"column":9}},"type":"if","locations":[{"start":{"line":15,"column":8},"end":{"line":20,"column":9}},{"start":{},"end":{}}],"line":15}},"s":{"0":4,"1":0,"2":0,"3":0},"f":{"0":4,"1":0},"b":{"0":[0,0]},"_coverageSchema":"1a1c01bbd47fc00a2c39e90264f33305004495a9","hash":"dda8e8d4eba0929b6e35eb98712db08e806a5bf4"}
,"/Users/sihun/dev/project/drop/front/components/LoadingSpinner.tsx": {"path":"/Users/sihun/dev/project/drop/front/components/LoadingSpinner.tsx","statementMap":{"0":{"start":{"line":5,"column":2},"end":{"line":9,"column":4}},"1":{"start":{"line":12,"column":15},"end":{"line":19,"column":2}}},"fnMap":{"0":{"name":"LoadingSpinner","decl":{"start":{"line":4,"column":24},"end":{"line":4,"column":38}},"loc":{"start":{"line":4,"column":41},"end":{"line":10,"column":1}},"line":4}},"branchMap":{},"s":{"0":2,"1":1},"f":{"0":2},"b":{},"_coverageSchema":"1a1c01bbd47fc00a2c39e90264f33305004495a9","hash":"f2e4cbd6e50e1f3caa476a70f4d748c9635ca779"}
,"/Users/sihun/dev/project/drop/front/components/ThemedText.tsx": {"path":"/Users/sihun/dev/project/drop/front/components/ThemedText.tsx","statementMap":{"0":{"start":{"line":18,"column":16},"end":{"line":18,"column":77}},"1":{"start":{"line":20,"column":2},"end":{"line":33,"column":4}},"2":{"start":{"line":36,"column":15},"end":{"line":60,"column":2}}},"fnMap":{"0":{"name":"ThemedText","decl":{"start":{"line":11,"column":16},"end":{"line":11,"column":26}},"loc":{"start":{"line":17,"column":20},"end":{"line":34,"column":1}},"line":17}},"branchMap":{"0":{"loc":{"start":{"line":15,"column":2},"end":{"line":15,"column":18}},"type":"default-arg","locations":[{"start":{"line":15,"column":9},"end":{"line":15,"column":18}}],"line":15},"1":{"loc":{"start":{"line":24,"column":8},"end":{"line":24,"column":55}},"type":"cond-expr","locations":[{"start":{"line":24,"column":29},"end":{"line":24,"column":43}},{"start":{"line":24,"column":46},"end":{"line":24,"column":55}}],"line":24},"2":{"loc":{"start":{"line":25,"column":8},"end":{"line":25,"column":51}},"type":"cond-expr","locations":[{"start":{"line":25,"column":27},"end":{"line":25,"column":39}},{"start":{"line":25,"column":42},"end":{"line":25,"column":51}}],"line":25},"3":{"loc":{"start":{"line":26,"column":8},"end":{"line":26,"column":71}},"type":"cond-expr","locations":[{"start":{"line":26,"column":37},"end":{"line":26,"column":59}},{"start":{"line":26,"column":62},"end":{"line":26,"column":71}}],"line":26},"4":{"loc":{"start":{"line":27,"column":8},"end":{"line":27,"column":57}},"type":"cond-expr","locations":[{"start":{"line":27,"column":30},"end":{"line":27,"column":45}},{"start":{"line":27,"column":48},"end":{"line":27,"column":57}}],"line":27},"5":{"loc":{"start":{"line":28,"column":8},"end":{"line":28,"column":49}},"type":"cond-expr","locations":[{"start":{"line":28,"column":26},"end":{"line":28,"column":37}},{"start":{"line":28,"column":40},"end":{"line":28,"column":49}}],"line":28}},"s":{"0":18,"1":18,"2":2},"f":{"0":18},"b":{"0":[4],"1":[4,14],"2":[1,17],"3":[11,7],"4":[1,17],"5":[1,17]},"_coverageSchema":"1a1c01bbd47fc00a2c39e90264f33305004495a9","hash":"8662860b65582a2a6c9efff5b53b0500598098bb"}
,"/Users/sihun/dev/project/drop/front/components/ThemedView.tsx": {"path":"/Users/sihun/dev/project/drop/front/components/ThemedView.tsx","statementMap":{"0":{"start":{"line":11,"column":26},"end":{"line":11,"column":93}},"1":{"start":{"line":13,"column":2},"end":{"line":13,"column":71}}},"fnMap":{"0":{"name":"ThemedView","decl":{"start":{"line":10,"column":16},"end":{"line":10,"column":26}},"loc":{"start":{"line":10,"column":93},"end":{"line":14,"column":1}},"line":10}},"branchMap":{},"s":{"0":18,"1":18},"f":{"0":18},"b":{},"_coverageSchema":"1a1c01bbd47fc00a2c39e90264f33305004495a9","hash":"4f7ed19ae3a8a5ae58b9afc7d03bd945eb254e39"}
,"/Users/sihun/dev/project/drop/front/hooks/useThemeColor.ts": {"path":"/Users/sihun/dev/project/drop/front/hooks/useThemeColor.ts","statementMap":{"0":{"start":{"line":13,"column":16},"end":{"line":13,"column":43}},"1":{"start":{"line":14,"column":25},"end":{"line":14,"column":37}},"2":{"start":{"line":16,"column":2},"end":{"line":20,"column":3}},"3":{"start":{"line":17,"column":4},"end":{"line":17,"column":26}},"4":{"start":{"line":19,"column":4},"end":{"line":19,"column":36}}},"fnMap":{"0":{"name":"useThemeColor","decl":{"start":{"line":9,"column":16},"end":{"line":9,"column":29}},"loc":{"start":{"line":12,"column":2},"end":{"line":21,"column":1}},"line":12}},"branchMap":{"0":{"loc":{"start":{"line":13,"column":16},"end":{"line":13,"column":43}},"type":"binary-expr","locations":[{"start":{"line":13,"column":16},"end":{"line":13,"column":32}},{"start":{"line":13,"column":36},"end":{"line":13,"column":43}}],"line":13},"1":{"loc":{"start":{"line":16,"column":2},"end":{"line":20,"column":3}},"type":"if","locations":[{"start":{"line":16,"column":2},"end":{"line":20,"column":3}},{"start":{"line":18,"column":9},"end":{"line":20,"column":3}}],"line":16}},"s":{"0":28,"1":28,"2":28,"3":4,"4":24},"f":{"0":28},"b":{"0":[28,1],"1":[4,24]},"_coverageSchema":"1a1c01bbd47fc00a2c39e90264f33305004495a9","hash":"92ed06c2f9a5caab0e27a09483e3923d31ea5bde"}
,"/Users/sihun/dev/project/drop/front/utils/crossfitBoxEvents.ts": {"path":"/Users/sihun/dev/project/drop/front/utils/crossfitBoxEvents.ts","statementMap":{"0":{"start":{"line":3,"column":18},"end":{"line":3,"column":37}},"1":{"start":{"line":5,"column":33},"end":{"line":15,"column":1}},"2":{"start":{"line":7,"column":4},"end":{"line":7,"column":48}},"3":{"start":{"line":7,"column":36},"end":{"line":7,"column":46}},"4":{"start":{"line":10,"column":4},"end":{"line":10,"column":28}},"5":{"start":{"line":11,"column":4},"end":{"line":13,"column":6}},"6":{"start":{"line":12,"column":6},"end":{"line":12,"column":33}}},"fnMap":{"0":{"name":"(anonymous_0)","decl":{"start":{"line":6,"column":8},"end":{"line":6,"column":9}},"loc":{"start":{"line":6,"column":14},"end":{"line":8,"column":3}},"line":6},"1":{"name":"(anonymous_1)","decl":{"start":{"line":7,"column":22},"end":{"line":7,"column":23}},"loc":{"start":{"line":7,"column":36},"end":{"line":7,"column":46}},"line":7},"2":{"name":"(anonymous_2)","decl":{"start":{"line":9,"column":13},"end":{"line":9,"column":14}},"loc":{"start":{"line":9,"column":37},"end":{"line":14,"column":3}},"line":9},"3":{"name":"(anonymous_3)","decl":{"start":{"line":11,"column":11},"end":{"line":11,"column":12}},"loc":{"start":{"line":11,"column":17},"end":{"line":13,"column":5}},"line":11}},"branchMap":{},"s":{"0":1,"1":1,"2":6,"3":18,"4":6,"5":6,"6":3},"f":{"0":6,"1":18,"2":6,"3":3},"b":{},"_coverageSchema":"1a1c01bbd47fc00a2c39e90264f33305004495a9","hash":"4c02baf7d7dc1078acf2334adf53f70aada36729"}
}
