TN:
SF:store.ts
FN:19,(anonymous_0)
FN:24,(anonymous_1)
FN:53,(anonymous_2)
FN:56,(anonymous_3)
FN:61,(anonymous_4)
FNF:5
FNH:5
FNDA:2,(anonymous_0)
FNDA:9,(anonymous_1)
FNDA:3,(anonymous_2)
FNDA:2,(anonymous_3)
FNDA:9,(anonymous_4)
DA:9,1
DA:15,1
DA:20,2
DA:21,2
DA:22,2
DA:25,9
DA:26,9
DA:27,9
DA:45,1
DA:49,1
DA:54,3
DA:57,2
DA:58,1
DA:62,9
DA:67,1
DA:68,1
DA:70,1
LF:17
LH:17
BRDA:57,0,0,1
BRDA:57,0,1,1
BRF:2
BRH:2
end_of_record
TN:
SF:components/AddressInput.tsx
FN:28,AddressInput
FN:39,(anonymous_1)
FN:40,(anonymous_2)
FN:44,(anonymous_3)
FN:48,(anonymous_4)
FN:49,(anonymous_5)
FN:84,(anonymous_6)
FN:97,(anonymous_7)
FNF:8
FNH:8
FNDA:13,AddressInput
FNDA:7,(anonymous_1)
FNDA:7,(anonymous_2)
FNDA:7,(anonymous_3)
FNDA:7,(anonymous_4)
FNDA:7,(anonymous_5)
FNDA:13,(anonymous_6)
FNDA:13,(anonymous_7)
DA:34,13
DA:35,13
DA:36,13
DA:39,13
DA:40,7
DA:41,7
DA:44,7
DA:48,13
DA:49,7
DA:50,7
DA:51,4
DA:52,4
DA:55,3
DA:56,3
DA:57,3
DA:60,2
DA:61,1
DA:63,1
DA:64,0
DA:67,2
DA:68,2
DA:77,3
DA:81,7
DA:84,13
DA:85,13
DA:86,3
DA:88,10
DA:89,7
DA:91,3
DA:92,1
DA:94,2
DA:97,13
DA:98,13
DA:99,3
DA:102,13
DA:138,1
LF:36
LH:35
BRDA:32,0,0,12
BRDA:50,1,0,4
BRDA:50,1,1,3
BRDA:50,2,0,7
BRDA:50,2,1,4
BRDA:63,3,0,0
BRDA:63,3,1,1
BRDA:63,4,0,1
BRDA:63,4,1,1
BRDA:85,5,0,3
BRDA:85,5,1,10
BRDA:88,6,0,7
BRDA:88,6,1,3
BRDA:91,7,0,1
BRDA:91,7,1,2
BRDA:98,8,0,10
BRDA:98,8,1,3
BRDA:99,9,0,1
BRDA:99,9,1,2
BRDA:115,10,0,13
BRDA:115,10,1,3
BRDA:117,11,0,1
BRDA:117,11,1,2
BRDA:120,12,0,1
BRDA:120,12,1,1
BRF:25
BRH:24
end_of_record
TN:
SF:components/Collapsible.tsx
FN:10,Collapsible
FN:18,(anonymous_1)
FN:18,(anonymous_2)
FNF:3
FNH:3
FNDA:10,Collapsible
FNDA:4,(anonymous_1)
FNDA:4,(anonymous_2)
DA:11,10
DA:12,10
DA:14,10
DA:18,4
DA:35,1
LF:5
LH:5
BRDA:12,0,0,10
BRDA:12,0,1,0
BRDA:24,1,0,9
BRDA:24,1,1,1
BRDA:25,2,0,3
BRDA:25,2,1,7
BRDA:30,3,0,10
BRDA:30,3,1,3
BRF:8
BRH:7
end_of_record
TN:
SF:components/CrossfitBoxSearch.tsx
FN:33,CrossfitBoxSearch
FN:45,(anonymous_1)
FN:46,(anonymous_2)
FN:50,(anonymous_3)
FN:53,(anonymous_4)
FN:54,(anonymous_5)
FN:80,(anonymous_6)
FN:121,(anonymous_7)
FN:125,(anonymous_8)
FNF:9
FNH:6
FNDA:31,CrossfitBoxSearch
FNDA:11,(anonymous_1)
FNDA:7,(anonymous_2)
FNDA:11,(anonymous_3)
FNDA:11,(anonymous_4)
FNDA:11,(anonymous_5)
FNDA:0,(anonymous_6)
FNDA:0,(anonymous_7)
FNDA:0,(anonymous_8)
DA:39,31
DA:40,31
DA:41,31
DA:42,31
DA:43,31
DA:45,31
DA:46,11
DA:47,7
DA:50,11
DA:53,31
DA:54,11
DA:55,11
DA:56,7
DA:57,7
DA:58,7
DA:61,4
DA:62,4
DA:64,4
DA:65,4
DA:68,3
DA:70,3
DA:71,3
DA:73,4
DA:77,11
DA:80,31
DA:81,0
DA:82,0
DA:83,0
DA:86,31
DA:122,0
DA:125,0
DA:150,1
LF:32
LH:27
BRDA:35,0,0,28
BRDA:37,1,0,28
BRDA:55,2,0,7
BRDA:55,2,1,4
BRDA:68,3,0,3
BRDA:68,3,1,0
BRDA:99,4,0,31
BRDA:99,4,1,14
BRDA:104,5,0,31
BRDA:104,5,1,4
BRDA:110,6,0,31
BRDA:110,6,1,6
BRDA:110,6,2,2
BRDA:113,7,0,0
BRDA:113,7,1,2
BRDA:115,8,0,2
BRDA:115,8,1,0
BRDA:130,9,0,0
BRDA:130,9,1,0
BRDA:133,10,0,0
BRDA:133,10,1,0
BRDA:136,11,0,0
BRDA:136,11,1,0
BRDA:140,12,0,0
BRDA:140,12,1,0
BRF:25
BRH:14
end_of_record
TN:
SF:components/ExternalLink.tsx
FN:8,ExternalLink
FN:14,(anonymous_1)
FNF:2
FNH:1
FNDA:4,ExternalLink
FNDA:0,(anonymous_1)
DA:9,4
DA:15,0
DA:17,0
DA:19,0
LF:4
LH:1
BRDA:15,0,0,0
BRDA:15,0,1,0
BRF:2
BRH:0
end_of_record
TN:
SF:components/LoadingSpinner.tsx
FN:4,LoadingSpinner
FNF:1
FNH:1
FNDA:2,LoadingSpinner
DA:5,2
DA:12,1
LF:2
LH:2
BRF:0
BRH:0
end_of_record
TN:
SF:components/ThemedText.tsx
FN:11,ThemedText
FNF:1
FNH:1
FNDA:18,ThemedText
DA:18,18
DA:20,18
DA:36,2
LF:3
LH:3
BRDA:15,0,0,4
BRDA:24,1,0,4
BRDA:24,1,1,14
BRDA:25,2,0,1
BRDA:25,2,1,17
BRDA:26,3,0,11
BRDA:26,3,1,7
BRDA:27,4,0,1
BRDA:27,4,1,17
BRDA:28,5,0,1
BRDA:28,5,1,17
BRF:11
BRH:11
end_of_record
TN:
SF:components/ThemedView.tsx
FN:10,ThemedView
FNF:1
FNH:1
FNDA:18,ThemedView
DA:11,18
DA:13,18
LF:2
LH:2
BRF:0
BRH:0
end_of_record
TN:
SF:hooks/useThemeColor.ts
FN:9,useThemeColor
FNF:1
FNH:1
FNDA:28,useThemeColor
DA:13,28
DA:14,28
DA:16,28
DA:17,4
DA:19,24
LF:5
LH:5
BRDA:13,0,0,28
BRDA:13,0,1,1
BRDA:16,1,0,4
BRDA:16,1,1,24
BRF:4
BRH:4
end_of_record
TN:
SF:utils/crossfitBoxEvents.ts
FN:6,(anonymous_0)
FN:7,(anonymous_1)
FN:9,(anonymous_2)
FN:11,(anonymous_3)
FNF:4
FNH:4
FNDA:6,(anonymous_0)
FNDA:18,(anonymous_1)
FNDA:6,(anonymous_2)
FNDA:3,(anonymous_3)
DA:3,1
DA:5,1
DA:7,18
DA:10,6
DA:11,6
DA:12,3
LF:6
LH:6
BRF:0
BRH:0
end_of_record
